<?xml version="1.0" encoding="utf-8"?><testsuites name="pytest tests"><testsuite name="pytest" errors="0" failures="4" skipped="0" tests="17" time="9.740" timestamp="2026-01-30T05:17:25.598990+00:00" hostname="agent-env-a0892ee2-7212-4a24-baf3-3106335eed48"><testcase classname="backend.tests.test_comments.TestGetComments" name="test_get_comments_returns_200" time="0.481" /><testcase classname="backend.tests.test_comments.TestGetComments" name="test_get_comments_structure" time="0.045" /><testcase classname="backend.tests.test_comments.TestGetComments" name="test_reward_tiers_structure" time="0.042" /><testcase classname="backend.tests.test_comments.TestPostComment" name="test_post_comment_requires_auth" time="0.038" /><testcase classname="backend.tests.test_comments.TestPostComment" name="test_post_comment_success" time="0.066" /><testcase classname="backend.tests.test_comments.TestPostComment" name="test_post_comment_too_short" time="0.040" /><testcase classname="backend.tests.test_comments.TestPostComment" name="test_post_comment_invalid_video" time="0.040" /><testcase classname="backend.tests.test_comments.TestVoteComment" name="test_vote_requires_auth" time="0.814" /><testcase classname="backend.tests.test_comments.TestVoteComment" name="test_upvote_success" time="0.819" /><testcase classname="backend.tests.test_comments.TestVoteComment" name="test_cannot_vote_twice" time="0.879" /><testcase classname="backend.tests.test_comments.TestVoteComment" name="test_invalid_vote_type" time="0.870" /><testcase classname="backend.tests.test_comments.TestClaimReward" name="test_claim_reward_requires_auth" time="0.832" /><testcase classname="backend.tests.test_comments.TestClaimReward" name="test_claim_reward_success" time="0.823"><failure message="AssertionError: Expected 200, got 520: Internal Server Error&#10;assert 520 == 200&#10; +  where 520 = &lt;Response [520]&gt;.status_code">backend/tests/test_comments.py:355: in test_claim_reward_success
    assert response.status_code == 200, f"Expected 200, got {response.status_code}: {response.text}"
E   AssertionError: Expected 200, got 520: Internal Server Error
E   assert 520 == 200
E    +  where 520 = &lt;Response [520]&gt;.status_code</failure></testcase><testcase classname="backend.tests.test_comments.TestClaimReward" name="test_cannot_claim_twice" time="0.905"><failure message="AssertionError: Expected 400, got 520&#10;assert 520 == 400&#10; +  where 520 = &lt;Response [520]&gt;.status_code">backend/tests/test_comments.py:380: in test_cannot_claim_twice
    assert response.status_code == 400, f"Expected 400, got {response.status_code}"
E   AssertionError: Expected 400, got 520
E   assert 520 == 400
E    +  where 520 = &lt;Response [520]&gt;.status_code</failure></testcase><testcase classname="backend.tests.test_comments.TestClaimReward" name="test_claim_reward_not_own_comment" time="1.617" /><testcase classname="backend.tests.test_comments.TestCommentRewardTiers" name="test_reward_tier_3_votes" time="0.434"><failure message="assert 520 == 200&#10; +  where 520 = &lt;Response [520]&gt;.status_code">backend/tests/test_comments.py:471: in test_reward_tier_3_votes
    assert response.status_code == 200
E   assert 520 == 200
E    +  where 520 = &lt;Response [520]&gt;.status_code</failure></testcase><testcase classname="backend.tests.test_comments.TestCommentRewardTiers" name="test_reward_tier_10_votes" time="0.867"><failure message="assert 520 == 200&#10; +  where 520 = &lt;Response [520]&gt;.status_code">backend/tests/test_comments.py:513: in test_reward_tier_10_votes
    assert response.status_code == 200
E   assert 520 == 200
E    +  where 520 = &lt;Response [520]&gt;.status_code</failure></testcase></testsuite></testsuites>