<?xml version="1.0" encoding="utf-8"?><testsuites name="pytest tests"><testsuite name="pytest" errors="5" failures="6" skipped="0" tests="25" time="1.505" timestamp="2026-01-30T05:31:33.681688+00:00" hostname="agent-env-a0892ee2-7212-4a24-baf3-3106335eed48"><testcase classname="backend.tests.test_comprehensive.TestHealthAndBasicEndpoints" name="test_videos_endpoint" time="0.109" /><testcase classname="backend.tests.test_comprehensive.TestHealthAndBasicEndpoints" name="test_creators_endpoint" time="0.047" /><testcase classname="backend.tests.test_comprehensive.TestHealthAndBasicEndpoints" name="test_market_ticker" time="0.048"><failure message="AssertionError: assert 'items' in [{'change_percent': 6.3, 'creator_symbol': '$EMMA', 'is_positive': True, 'price': 31.88, ...}, {'change_percent': 5.13, 'creator_symbol': '$EMMA', 'is_positive': True, 'price': 53.08, ...}, {'change_percent': 4.48, 'creator_symbol': '$JOE', 'is_positive': True, 'price': 141.99, ...}, {'change_percent': 1.33, 'creator_symbol': '$ALEX', 'is_positive': True, 'price': 42.6, ...}, {'change_percent': 13.6, 'creator_symbol': '$ALEX', 'is_positive': True, 'price': 83.26, ...}, {'change_percent': 3.69, 'creator_symbol': '$TECH', 'is_positive': True, 'price': 89.4, ...}, ...]">backend/tests/test_comprehensive.py:46: in test_market_ticker
    assert "items" in data
E   AssertionError: assert 'items' in [{'change_percent': 6.3, 'creator_symbol': '$EMMA', 'is_positive': True, 'price': 31.88, ...}, {'change_percent': 5.13, 'creator_symbol': '$EMMA', 'is_positive': True, 'price': 53.08, ...}, {'change_percent': 4.48, 'creator_symbol': '$JOE', 'is_positive': True, 'price': 141.99, ...}, {'change_percent': 1.33, 'creator_symbol': '$ALEX', 'is_positive': True, 'price': 42.6, ...}, {'change_percent': 13.6, 'creator_symbol': '$ALEX', 'is_positive': True, 'price': 83.26, ...}, {'change_percent': 3.69, 'creator_symbol': '$TECH', 'is_positive': True, 'price': 89.4, ...}, ...]</failure></testcase><testcase classname="backend.tests.test_comprehensive.TestHealthAndBasicEndpoints" name="test_market_overview" time="0.042" /><testcase classname="backend.tests.test_comprehensive.TestHealthAndBasicEndpoints" name="test_live_activity" time="0.042" /><testcase classname="backend.tests.test_comprehensive.TestDemoLogin" name="test_demo_login" time="0.080"><failure message="AssertionError: assert 'user' in {'created_at': '2026-01-24T03:12:23.297076+00:00', 'email': 'demo@ideaground.com', 'name': 'Demo Investor', 'picture': 'https://images.unsplash.com/photo-1472099645785-5658abf4ff4e?w=400', ...}">backend/tests/test_comprehensive.py:85: in test_demo_login
    assert "user" in data
E   AssertionError: assert 'user' in {'created_at': '2026-01-24T03:12:23.297076+00:00', 'email': 'demo@ideaground.com', 'name': 'Demo Investor', 'picture': 'https://images.unsplash.com/photo-1472099645785-5658abf4ff4e?w=400', ...}</failure></testcase><testcase classname="backend.tests.test_comprehensive.TestAuthenticatedEndpoints" name="test_auth_me" time="0.043"><error message="failed on setup with &quot;KeyError: 'user'&quot;">backend/tests/test_comprehensive.py:103: in auth_session
    return session, data["user"]
                    ^^^^^^^^^^^^
E   KeyError: 'user'</error></testcase><testcase classname="backend.tests.test_comprehensive.TestAuthenticatedEndpoints" name="test_portfolio" time="0.001"><error message="failed on setup with &quot;KeyError: 'user'&quot;">backend/tests/test_comprehensive.py:103: in auth_session
    return session, data["user"]
                    ^^^^^^^^^^^^
E   KeyError: 'user'</error></testcase><testcase classname="backend.tests.test_comprehensive.TestAuthenticatedEndpoints" name="test_portfolio_performance" time="0.001"><error message="failed on setup with &quot;KeyError: 'user'&quot;">backend/tests/test_comprehensive.py:103: in auth_session
    return session, data["user"]
                    ^^^^^^^^^^^^
E   KeyError: 'user'</error></testcase><testcase classname="backend.tests.test_comprehensive.TestAuthenticatedEndpoints" name="test_watchlist" time="0.001"><error message="failed on setup with &quot;KeyError: 'user'&quot;">backend/tests/test_comprehensive.py:103: in auth_session
    return session, data["user"]
                    ^^^^^^^^^^^^
E   KeyError: 'user'</error></testcase><testcase classname="backend.tests.test_comprehensive.TestAuthenticatedEndpoints" name="test_wallet" time="0.000"><error message="failed on setup with &quot;KeyError: 'user'&quot;">backend/tests/test_comprehensive.py:103: in auth_session
    return session, data["user"]
                    ^^^^^^^^^^^^
E   KeyError: 'user'</error></testcase><testcase classname="backend.tests.test_comprehensive.TestVideoDetails" name="test_get_video_details" time="0.081" /><testcase classname="backend.tests.test_comprehensive.TestVideoDetails" name="test_get_video_top_earners" time="0.044" /><testcase classname="backend.tests.test_comprehensive.TestShareTrading" name="test_buy_shares" time="0.157" /><testcase classname="backend.tests.test_comprehensive.TestShareTrading" name="test_sell_shares" time="0.028" /><testcase classname="backend.tests.test_comprehensive.TestWatchlistOperations" name="test_add_to_watchlist" time="0.133" /><testcase classname="backend.tests.test_comprehensive.TestWatchlistOperations" name="test_check_watchlist" time="0.052" /><testcase classname="backend.tests.test_comprehensive.TestWatchlistOperations" name="test_remove_from_watchlist" time="0.018" /><testcase classname="backend.tests.test_comprehensive.TestWalletOperations" name="test_deposit" time="0.102" /><testcase classname="backend.tests.test_comprehensive.TestComments" name="test_get_comments" time="0.110"><failure message="AssertionError: assert 'total' in {'comments': [], 'reward_tiers': [{'min_votes': 3, 'shares': 0.01}, {'min_votes': 10, 'shares': 0.05}, {'min_votes': 25, 'shares': 0.1}, {'min_votes': 50, 'shares': 0.25}, {'min_votes': 100, 'shares': 0.5}], 'total_comments': 0}">backend/tests/test_comprehensive.py:398: in test_get_comments
    assert "total" in data
E   AssertionError: assert 'total' in {'comments': [], 'reward_tiers': [{'min_votes': 3, 'shares': 0.01}, {'min_votes': 10, 'shares': 0.05}, {'min_votes': 25, 'shares': 0.1}, {'min_votes': 50, 'shares': 0.25}, {'min_votes': 100, 'shares': 0.5}], 'total_comments': 0}</failure></testcase><testcase classname="backend.tests.test_comprehensive.TestComments" name="test_post_comment" time="0.010"><failure message="assert 405 == 200&#10; +  where 405 = &lt;Response [405]&gt;.status_code">backend/tests/test_comprehensive.py:413: in test_post_comment
    assert response.status_code == 200
E   assert 405 == 200
E    +  where 405 = &lt;Response [405]&gt;.status_code</failure></testcase><testcase classname="backend.tests.test_comprehensive.TestComments" name="test_vote_comment" time="0.015" /><testcase classname="backend.tests.test_comprehensive.TestSimulatePrices" name="test_simulate_prices" time="0.044"><failure message="AssertionError: assert 'updated_count' in {'updated': 10, 'videos': [{'change': 1.95, 'change_percent': 6.12, 'new_price': 33.83, 'old_price': 31.88, ...}, {'change': 4.95, 'change_percent': 9.33, 'new_price': 58.03, 'old_price': 53.08, ...}, {'change': 19.42, 'change_percent': 13.68, 'new_price': 161.41, 'old_price': 141.99, ...}, {'change': 4.93, 'change_percent': 11.57, 'new_price': 47.53, 'old_price': 42.6, ...}, {'change': 9.14, 'change_percent': 10.98, 'new_price': 92.4, 'old_price': 83.26, ...}, {'change': 3.47, 'change_percent': 3.88, 'new_price': 92.87, 'old_price': 89.4, ...}, ...]}">backend/tests/test_comprehensive.py:453: in test_simulate_prices
    assert "updated_count" in data
E   AssertionError: assert 'updated_count' in {'updated': 10, 'videos': [{'change': 1.95, 'change_percent': 6.12, 'new_price': 33.83, 'old_price': 31.88, ...}, {'change': 4.95, 'change_percent': 9.33, 'new_price': 58.03, 'old_price': 53.08, ...}, {'change': 19.42, 'change_percent': 13.68, 'new_price': 161.41, 'old_price': 141.99, ...}, {'change': 4.93, 'change_percent': 11.57, 'new_price': 47.53, 'old_price': 42.6, ...}, {'change': 9.14, 'change_percent': 10.98, 'new_price': 92.4, 'old_price': 83.26, ...}, {'change': 3.47, 'change_percent': 3.88, 'new_price': 92.87, 'old_price': 89.4, ...}, ...]}</failure></testcase><testcase classname="backend.tests.test_comprehensive.TestCreatorProfile" name="test_get_creator_profile" time="0.076" /><testcase classname="backend.tests.test_comprehensive.TestInvestorMetrics" name="test_platform_economics" time="0.035"><failure message="assert 404 == 200&#10; +  where 404 = &lt;Response [404]&gt;.status_code">backend/tests/test_comprehensive.py:487: in test_platform_economics
    assert response.status_code == 200
E   assert 404 == 200
E    +  where 404 = &lt;Response [404]&gt;.status_code</failure></testcase></testsuite></testsuites>