<?xml version="1.0" encoding="utf-8"?><testsuites name="pytest tests"><testsuite name="pytest" errors="0" failures="0" skipped="0" tests="27" time="1.666" timestamp="2026-01-30T05:37:16.157556+00:00" hostname="agent-env-a0892ee2-7212-4a24-baf3-3106335eed48"><testcase classname="backend.tests.test_comprehensive.TestHealthAndBasicEndpoints" name="test_videos_endpoint" time="0.067" /><testcase classname="backend.tests.test_comprehensive.TestHealthAndBasicEndpoints" name="test_creators_endpoint" time="0.038" /><testcase classname="backend.tests.test_comprehensive.TestHealthAndBasicEndpoints" name="test_market_ticker" time="0.047" /><testcase classname="backend.tests.test_comprehensive.TestHealthAndBasicEndpoints" name="test_market_overview" time="0.051" /><testcase classname="backend.tests.test_comprehensive.TestHealthAndBasicEndpoints" name="test_live_activity" time="0.042" /><testcase classname="backend.tests.test_comprehensive.TestDemoLogin" name="test_demo_login" time="0.042" /><testcase classname="backend.tests.test_comprehensive.TestAuthenticatedEndpoints" name="test_auth_me" time="0.084" /><testcase classname="backend.tests.test_comprehensive.TestAuthenticatedEndpoints" name="test_portfolio" time="0.013" /><testcase classname="backend.tests.test_comprehensive.TestAuthenticatedEndpoints" name="test_portfolio_performance" time="0.013" /><testcase classname="backend.tests.test_comprehensive.TestAuthenticatedEndpoints" name="test_watchlist" time="0.015" /><testcase classname="backend.tests.test_comprehensive.TestAuthenticatedEndpoints" name="test_wallet" time="0.021" /><testcase classname="backend.tests.test_comprehensive.TestVideoDetails" name="test_get_video_details" time="0.084" /><testcase classname="backend.tests.test_comprehensive.TestVideoDetails" name="test_get_video_top_earners" time="0.041" /><testcase classname="backend.tests.test_comprehensive.TestShareTrading" name="test_buy_shares" time="0.128" /><testcase classname="backend.tests.test_comprehensive.TestShareTrading" name="test_sell_shares" time="0.026" /><testcase classname="backend.tests.test_comprehensive.TestWatchlistOperations" name="test_add_to_watchlist" time="0.133" /><testcase classname="backend.tests.test_comprehensive.TestWatchlistOperations" name="test_check_watchlist" time="0.012" /><testcase classname="backend.tests.test_comprehensive.TestWatchlistOperations" name="test_remove_from_watchlist" time="0.051" /><testcase classname="backend.tests.test_comprehensive.TestWalletOperations" name="test_deposit" time="0.094" /><testcase classname="backend.tests.test_comprehensive.TestComments" name="test_get_comments" time="0.088" /><testcase classname="backend.tests.test_comprehensive.TestComments" name="test_post_comment" time="0.013" /><testcase classname="backend.tests.test_comprehensive.TestComments" name="test_vote_comment" time="0.094" /><testcase classname="backend.tests.test_comprehensive.TestSimulatePrices" name="test_simulate_prices" time="0.045" /><testcase classname="backend.tests.test_comprehensive.TestCreatorProfile" name="test_get_creator_profile" time="0.076" /><testcase classname="backend.tests.test_comprehensive.TestInvestorMetrics" name="test_platform_investor_metrics" time="0.042" /><testcase classname="backend.tests.test_comprehensive.TestVideoLike" name="test_like_video" time="0.096" /><testcase classname="backend.tests.test_comprehensive.TestCreatorSubscription" name="test_subscribe_creator" time="0.089" /></testsuite></testsuites>