<?xml version="1.0" encoding="utf-8"?><testsuites name="pytest tests"><testsuite name="pytest" errors="0" failures="1" skipped="0" tests="27" time="1.648" timestamp="2026-01-30T05:33:10.464258+00:00" hostname="agent-env-a0892ee2-7212-4a24-baf3-3106335eed48"><testcase classname="backend.tests.test_comprehensive.TestHealthAndBasicEndpoints" name="test_videos_endpoint" time="0.085" /><testcase classname="backend.tests.test_comprehensive.TestHealthAndBasicEndpoints" name="test_creators_endpoint" time="0.039" /><testcase classname="backend.tests.test_comprehensive.TestHealthAndBasicEndpoints" name="test_market_ticker" time="0.043" /><testcase classname="backend.tests.test_comprehensive.TestHealthAndBasicEndpoints" name="test_market_overview" time="0.044" /><testcase classname="backend.tests.test_comprehensive.TestHealthAndBasicEndpoints" name="test_live_activity" time="0.044" /><testcase classname="backend.tests.test_comprehensive.TestDemoLogin" name="test_demo_login" time="0.043" /><testcase classname="backend.tests.test_comprehensive.TestAuthenticatedEndpoints" name="test_auth_me" time="0.081" /><testcase classname="backend.tests.test_comprehensive.TestAuthenticatedEndpoints" name="test_portfolio" time="0.016" /><testcase classname="backend.tests.test_comprehensive.TestAuthenticatedEndpoints" name="test_portfolio_performance" time="0.013" /><testcase classname="backend.tests.test_comprehensive.TestAuthenticatedEndpoints" name="test_watchlist" time="0.016" /><testcase classname="backend.tests.test_comprehensive.TestAuthenticatedEndpoints" name="test_wallet" time="0.017" /><testcase classname="backend.tests.test_comprehensive.TestVideoDetails" name="test_get_video_details" time="0.081" /><testcase classname="backend.tests.test_comprehensive.TestVideoDetails" name="test_get_video_top_earners" time="0.042" /><testcase classname="backend.tests.test_comprehensive.TestShareTrading" name="test_buy_shares" time="0.109" /><testcase classname="backend.tests.test_comprehensive.TestShareTrading" name="test_sell_shares" time="0.067" /><testcase classname="backend.tests.test_comprehensive.TestWatchlistOperations" name="test_add_to_watchlist" time="0.090" /><testcase classname="backend.tests.test_comprehensive.TestWatchlistOperations" name="test_check_watchlist" time="0.011" /><testcase classname="backend.tests.test_comprehensive.TestWatchlistOperations" name="test_remove_from_watchlist" time="0.011" /><testcase classname="backend.tests.test_comprehensive.TestWalletOperations" name="test_deposit" time="0.092" /><testcase classname="backend.tests.test_comprehensive.TestComments" name="test_get_comments" time="0.095" /><testcase classname="backend.tests.test_comprehensive.TestComments" name="test_post_comment" time="0.021" /><testcase classname="backend.tests.test_comprehensive.TestComments" name="test_vote_comment" time="0.092" /><testcase classname="backend.tests.test_comprehensive.TestSimulatePrices" name="test_simulate_prices" time="0.043" /><testcase classname="backend.tests.test_comprehensive.TestCreatorProfile" name="test_get_creator_profile" time="0.080" /><testcase classname="backend.tests.test_comprehensive.TestInvestorMetrics" name="test_platform_investor_metrics" time="0.048"><failure message="AssertionError: assert 'total_market_cap' in {'charts': {'daily_volumes': [{'date': 'Jan 23', 'transactions': 0, 'volume': 0}, {'date': 'Jan 24', 'transactions': 22, 'volume': 684.91}, {'date': 'Jan 25', 'transactions': 11, 'volume': 276.87}, {'date': 'Jan 26', 'transactions': 0, 'volume': 0}, {'date': 'Jan 27', 'transactions': 0, 'volume': 0}, {'date': 'Jan 28', 'transactions': 0, 'volume': 0}, ...]}, 'overview': {'early_investors': 2, 'total_market_cap': 96755.0, 'total_users': 9, 'total_videos': 10, ...}, 'revenue': {'fee_percent': 5.0, 'projected_annual': 444.27, 'projected_monthly': 37.02, 'revenue_24h': 19.51, ...}, 'revenue_model': {'creator_share': 50, 'investor_share': 40, 'platform_share': 10}, ...}">backend/tests/test_comprehensive.py:517: in test_platform_investor_metrics
    assert "total_market_cap" in data
E   AssertionError: assert 'total_market_cap' in {'charts': {'daily_volumes': [{'date': 'Jan 23', 'transactions': 0, 'volume': 0}, {'date': 'Jan 24', 'transactions': 22, 'volume': 684.91}, {'date': 'Jan 25', 'transactions': 11, 'volume': 276.87}, {'date': 'Jan 26', 'transactions': 0, 'volume': 0}, {'date': 'Jan 27', 'transactions': 0, 'volume': 0}, {'date': 'Jan 28', 'transactions': 0, 'volume': 0}, ...]}, 'overview': {'early_investors': 2, 'total_market_cap': 96755.0, 'total_users': 9, 'total_videos': 10, ...}, 'revenue': {'fee_percent': 5.0, 'projected_annual': 444.27, 'projected_monthly': 37.02, 'revenue_24h': 19.51, ...}, 'revenue_model': {'creator_share': 50, 'investor_share': 40, 'platform_share': 10}, ...}</failure></testcase><testcase classname="backend.tests.test_comprehensive.TestVideoLike" name="test_like_video" time="0.096" /><testcase classname="backend.tests.test_comprehensive.TestCreatorSubscription" name="test_subscribe_creator" time="0.094" /></testsuite></testsuites>