<?xml version="1.0" encoding="utf-8"?><testsuites name="pytest tests"><testsuite name="pytest" errors="0" failures="0" skipped="0" tests="13" time="0.722" timestamp="2026-01-30T04:55:22.711767+00:00" hostname="agent-env-a0892ee2-7212-4a24-baf3-3106335eed48"><testcase classname="backend.tests.test_market_overview.TestMarketOverviewAPI" name="test_market_overview_returns_200" time="0.076" /><testcase classname="backend.tests.test_market_overview.TestMarketOverviewAPI" name="test_market_overview_has_price_movement_section" time="0.039" /><testcase classname="backend.tests.test_market_overview.TestMarketOverviewAPI" name="test_market_overview_has_opportunities_section" time="0.046" /><testcase classname="backend.tests.test_market_overview.TestMarketOverviewAPI" name="test_category_structure" time="0.039" /><testcase classname="backend.tests.test_market_overview.TestMarketOverviewAPI" name="test_item_structure" time="0.044" /><testcase classname="backend.tests.test_market_overview.TestMarketOverviewAPI" name="test_top_gainers_has_price_change" time="0.042" /><testcase classname="backend.tests.test_market_overview.TestMarketOverviewAPI" name="test_hot_stocks_has_shares_sold_percent" time="0.046" /><testcase classname="backend.tests.test_market_overview.TestMarketOverviewAPI" name="test_early_bonus_has_bonus_fields" time="0.043" /><testcase classname="backend.tests.test_market_overview.TestMarketOverviewAPI" name="test_best_roi_has_roi_percent" time="0.042" /><testcase classname="backend.tests.test_market_overview.TestMarketOverviewAPI" name="test_most_traded_has_txn_count" time="0.039" /><testcase classname="backend.tests.test_market_overview.TestMarketOverviewAPI" name="test_timestamp_present" time="0.039" /><testcase classname="backend.tests.test_market_overview.TestSimulatePricesAPI" name="test_simulate_prices_returns_200" time="0.041" /><testcase classname="backend.tests.test_market_overview.TestSimulatePricesAPI" name="test_simulate_prices_updates_data" time="0.127" /></testsuite></testsuites>