<?xml version="1.0" encoding="utf-8"?><testsuites name="pytest tests"><testsuite name="pytest" errors="0" failures="0" skipped="0" tests="18" time="1.593" timestamp="2026-01-30T03:44:12.950794+00:00" hostname="agent-env-0419ca60-b110-4a58-a76d-ace1d0e8f6cd"><testcase classname="backend.tests.test_investor_demo.TestInvestorDemoFlow" name="test_investor_metrics_accessible_without_auth" time="0.169" /><testcase classname="backend.tests.test_investor_demo.TestInvestorDemoFlow" name="test_investor_metrics_has_trading_stats" time="0.091" /><testcase classname="backend.tests.test_investor_demo.TestInvestorDemoFlow" name="test_investor_metrics_has_charts_data" time="0.082" /><testcase classname="backend.tests.test_investor_demo.TestInvestorDemoFlow" name="test_live_activity_feed" time="0.059" /><testcase classname="backend.tests.test_investor_demo.TestInvestorDemoFlow" name="test_live_activity_stats" time="0.051" /><testcase classname="backend.tests.test_investor_demo.TestInvestorDemoFlow" name="test_video_details_with_trading_info" time="0.080" /><testcase classname="backend.tests.test_investor_demo.TestInvestorDemoFlow" name="test_video_has_revenue_split_info" time="0.067" /><testcase classname="backend.tests.test_investor_demo.TestInvestorDemoFlow" name="test_add_to_watchlist" time="0.106" /><testcase classname="backend.tests.test_investor_demo.TestInvestorDemoFlow" name="test_get_watchlist_with_investment_thesis" time="0.055" /><testcase classname="backend.tests.test_investor_demo.TestInvestorDemoFlow" name="test_buy_shares_with_price_impact" time="0.113" /><testcase classname="backend.tests.test_investor_demo.TestInvestorDemoFlow" name="test_portfolio_shows_holdings" time="0.052" /><testcase classname="backend.tests.test_investor_demo.TestInvestorDemoFlow" name="test_portfolio_performance_summary" time="0.059" /><testcase classname="backend.tests.test_investor_demo.TestInvestorDemoFlow" name="test_videos_list" time="0.049" /><testcase classname="backend.tests.test_investor_demo.TestInvestorDemoFlow" name="test_creators_list" time="0.057" /><testcase classname="backend.tests.test_investor_demo.TestInvestorDemoFlow" name="test_video_top_earners" time="0.062" /><testcase classname="backend.tests.test_investor_demo.TestAuthEndpoints" name="test_demo_login" time="0.043" /><testcase classname="backend.tests.test_investor_demo.TestAuthEndpoints" name="test_auth_me_with_session" time="0.120" /><testcase classname="backend.tests.test_investor_demo.TestAuthEndpoints" name="test_auth_mode" time="0.041" /></testsuite></testsuites>