<?xml version="1.0" encoding="utf-8"?><testsuites name="pytest tests"><testsuite name="pytest" errors="0" failures="0" skipped="0" tests="12" time="1.082" timestamp="2026-01-25T00:03:11.031162+00:00" hostname="agent-env-d1969e47-badf-4786-8c12-9c9a298cf562"><testcase classname="backend.tests.test_admin_redeem.TestAdminEndpoints" name="test_admin_stats_with_valid_key" time="0.103" /><testcase classname="backend.tests.test_admin_redeem.TestAdminEndpoints" name="test_admin_stats_without_key" time="0.039" /><testcase classname="backend.tests.test_admin_redeem.TestAdminEndpoints" name="test_admin_stats_with_invalid_key" time="0.035" /><testcase classname="backend.tests.test_admin_redeem.TestAdminEndpoints" name="test_admin_earnings_endpoint" time="0.042" /><testcase classname="backend.tests.test_admin_redeem.TestAdminEndpoints" name="test_admin_transactions_endpoint" time="0.043" /><testcase classname="backend.tests.test_admin_redeem.TestAdminEndpoints" name="test_admin_users_endpoint" time="0.046" /><testcase classname="backend.tests.test_admin_redeem.TestAdminEndpoints" name="test_admin_cashflow_endpoint" time="0.039" /><testcase classname="backend.tests.test_admin_redeem.TestRedeemEndpoint" name="test_redeem_requires_auth" time="0.034" /><testcase classname="backend.tests.test_admin_redeem.TestRedeemEndpoint" name="test_redeem_invalid_video" time="0.152" /><testcase classname="backend.tests.test_admin_redeem.TestRedeemEndpoint" name="test_redeem_no_shares" time="0.073" /><testcase classname="backend.tests.test_admin_redeem.TestRedeemWithPlatformFee" name="test_buy_and_redeem_flow" time="0.238" /><testcase classname="backend.tests.test_admin_redeem.TestRedeemWithPlatformFee" name="test_platform_earning_recorded" time="0.188" /></testsuite></testsuites>