<?xml version="1.0" encoding="utf-8"?><testsuites name="pytest tests"><testsuite name="pytest" errors="0" failures="0" skipped="0" tests="12" time="0.904" timestamp="2026-01-24T04:08:27.737485+00:00" hostname="agent-env-024d478b-3f17-488a-b398-e446f5d14cae"><testcase classname="backend.tests.test_early_investor_features.TestEarlyInvestorFeatures" name="test_demo_login_returns_user_data" time="0.090" /><testcase classname="backend.tests.test_early_investor_features.TestEarlyInvestorFeatures" name="test_video_endpoint_returns_early_investor_fields" time="0.077" /><testcase classname="backend.tests.test_early_investor_features.TestEarlyInvestorFeatures" name="test_video_endpoint_returns_revenue_split" time="0.059" /><testcase classname="backend.tests.test_early_investor_features.TestEarlyInvestorFeatures" name="test_buy_shares_returns_early_investor_status" time="0.061" /><testcase classname="backend.tests.test_early_investor_features.TestEarlyInvestorFeatures" name="test_portfolio_returns_early_investor_info" time="0.047" /><testcase classname="backend.tests.test_early_investor_features.TestEarlyInvestorFeatures" name="test_sell_shares_applies_early_bonus" time="0.108" /><testcase classname="backend.tests.test_early_investor_features.TestExistingFeatures" name="test_videos_endpoint" time="0.049" /><testcase classname="backend.tests.test_early_investor_features.TestExistingFeatures" name="test_creators_endpoint" time="0.087" /><testcase classname="backend.tests.test_early_investor_features.TestExistingFeatures" name="test_market_ticker_endpoint" time="0.050" /><testcase classname="backend.tests.test_early_investor_features.TestExistingFeatures" name="test_trending_endpoint" time="0.050" /><testcase classname="backend.tests.test_early_investor_features.TestExistingFeatures" name="test_wallet_endpoint" time="0.045" /><testcase classname="backend.tests.test_early_investor_features.TestExistingFeatures" name="test_auth_me_endpoint" time="0.044" /></testsuite></testsuites>